G75*
%MOIN*%
%OFA0B0*%
%FSLAX25Y25*%
%IPPOS*%
%LPD*%
%AMOC8*
5,1,8,0,0,1.08239X$1,22.5*
%
%ADD10C,0.00004*%
D10*
X0025794Y0025794D02*
X0020331Y0031805D01*
X0015458Y0038321D01*
X0011218Y0045300D01*
X0007654Y0052700D01*
X0004807Y0060477D01*
X0002722Y0068589D01*
X0001439Y0076993D01*
X0001002Y0085648D01*
X0001439Y0094302D01*
X0002722Y0102707D01*
X0004807Y0110819D01*
X0007654Y0118596D01*
X0011218Y0125995D01*
X0015458Y0132974D01*
X0020331Y0139490D01*
X0025794Y0145501D01*
X0031805Y0150964D01*
X0038321Y0155837D01*
X0045300Y0160077D01*
X0052700Y0163641D01*
X0060477Y0166488D01*
X0068589Y0168574D01*
X0076993Y0169856D01*
X0085648Y0170293D01*
X0094302Y0169856D01*
X0102707Y0168574D01*
X0110819Y0166488D01*
X0118596Y0163641D01*
X0125995Y0160077D01*
X0132974Y0155837D01*
X0139490Y0150964D01*
X0145501Y0145501D01*
X0150964Y0139490D01*
X0155837Y0132974D01*
X0160077Y0125995D01*
X0163641Y0118596D01*
X0166488Y0110819D01*
X0168574Y0102707D01*
X0169856Y0094302D01*
X0170293Y0085648D01*
X0169856Y0076993D01*
X0168574Y0068589D01*
X0166488Y0060477D01*
X0163641Y0052700D01*
X0160077Y0045300D01*
X0155837Y0038321D01*
X0150964Y0031805D01*
X0145501Y0025794D01*
X0139490Y0020331D01*
X0132974Y0015458D01*
X0125995Y0011218D01*
X0118596Y0007654D01*
X0110819Y0004807D01*
X0102707Y0002722D01*
X0094302Y0001439D01*
X0085648Y0001002D01*
X0076993Y0001439D01*
X0068589Y0002722D01*
X0060477Y0004807D01*
X0052700Y0007654D01*
X0045300Y0011218D01*
X0038321Y0015458D01*
X0031805Y0020331D01*
X0025794Y0025794D01*
M02*
