G75*
%MOIN*%
%OFA0B0*%
%FSLAX25Y25*%
%IPPOS*%
%LPD*%
%AMOC8*
5,1,8,0,0,1.08239X$1,22.5*
%
%ADD10C,0.00004*%
D10*
X0004474Y0019670D02*
X0005811Y0018944D01*
X0007289Y0018485D01*
X0008876Y0018325D01*
X0017636Y0018325D01*
X0018033Y0018285D01*
X0018402Y0018170D01*
X0018736Y0017989D01*
X0019028Y0017748D01*
X0019268Y0017457D01*
X0019450Y0017123D01*
X0019564Y0016753D01*
X0019604Y0016356D01*
X0019564Y0015960D01*
X0019450Y0015590D01*
X0019268Y0015256D01*
X0019028Y0014964D01*
X0018736Y0014724D01*
X0018402Y0014543D01*
X0018033Y0014428D01*
X0017636Y0014388D01*
X0017636Y0002971D01*
X0017676Y0002574D01*
X0017791Y0002204D01*
X0017972Y0001870D01*
X0018212Y0001579D01*
X0018504Y0001338D01*
X0018838Y0001157D01*
X0019208Y0001042D01*
X0019604Y0001002D01*
X0066061Y0001002D01*
X0066458Y0001042D01*
X0066827Y0001157D01*
X0067162Y0001338D01*
X0067453Y0001579D01*
X0067693Y0001870D01*
X0067875Y0002204D01*
X0067989Y0002574D01*
X0068029Y0002971D01*
X0068029Y0014388D01*
X0067633Y0014428D01*
X0067263Y0014543D01*
X0066929Y0014724D01*
X0066638Y0014964D01*
X0066397Y0015256D01*
X0066216Y0015590D01*
X0066101Y0015960D01*
X0066061Y0016356D01*
X0066101Y0016753D01*
X0066216Y0017123D01*
X0066397Y0017457D01*
X0066638Y0017748D01*
X0066929Y0017989D01*
X0067263Y0018170D01*
X0067633Y0018285D01*
X0068029Y0018325D01*
X0076789Y0018325D01*
X0078376Y0018485D01*
X0079854Y0018944D01*
X0081192Y0019670D01*
X0082357Y0020631D01*
X0083319Y0021796D01*
X0084045Y0023134D01*
X0084503Y0024612D01*
X0084663Y0026199D01*
X0084663Y0207810D01*
X0084503Y0209397D01*
X0084045Y0210875D01*
X0083319Y0212213D01*
X0082357Y0213378D01*
X0081192Y0214340D01*
X0079854Y0215066D01*
X0078376Y0215525D01*
X0076789Y0215684D01*
X0068029Y0215684D01*
X0067633Y0215724D01*
X0067263Y0215839D01*
X0066929Y0216021D01*
X0066638Y0216261D01*
X0066397Y0216552D01*
X0066216Y0216887D01*
X0066101Y0217256D01*
X0066061Y0217653D01*
X0066101Y0218050D01*
X0066216Y0218419D01*
X0066397Y0218754D01*
X0066638Y0219045D01*
X0066929Y0219285D01*
X0067263Y0219467D01*
X0067633Y0219581D01*
X0068029Y0219621D01*
X0068029Y0231039D01*
X0067989Y0231436D01*
X0067875Y0231805D01*
X0067693Y0232139D01*
X0067453Y0232431D01*
X0067162Y0232671D01*
X0066827Y0232853D01*
X0066458Y0232967D01*
X0066061Y0233007D01*
X0019604Y0233007D01*
X0019208Y0232967D01*
X0018838Y0232853D01*
X0018504Y0232671D01*
X0018212Y0232431D01*
X0017972Y0232139D01*
X0017791Y0231805D01*
X0017676Y0231436D01*
X0017636Y0231039D01*
X0017636Y0219621D01*
X0018033Y0219581D01*
X0018402Y0219467D01*
X0018736Y0219285D01*
X0019028Y0219045D01*
X0019268Y0218754D01*
X0019450Y0218419D01*
X0019564Y0218050D01*
X0019604Y0217653D01*
X0019564Y0217256D01*
X0019450Y0216887D01*
X0019268Y0216552D01*
X0019028Y0216261D01*
X0018736Y0216021D01*
X0018402Y0215839D01*
X0018033Y0215724D01*
X0017636Y0215684D01*
X0008876Y0215684D01*
X0007289Y0215525D01*
X0005811Y0215066D01*
X0004473Y0214340D01*
X0003308Y0213378D01*
X0002347Y0212213D01*
X0001621Y0210875D01*
X0001162Y0209397D01*
X0001002Y0207811D01*
X0001002Y0026199D01*
X0001162Y0024612D01*
X0001621Y0023134D01*
X0002347Y0021796D01*
X0003308Y0020631D01*
X0004474Y0019670D01*
X0021136Y0010025D02*
X0020904Y0008876D01*
X0021136Y0007727D01*
X0021768Y0006788D01*
X0022707Y0006155D01*
X0023856Y0005923D01*
X0025006Y0006155D01*
X0025944Y0006788D01*
X0026577Y0007727D01*
X0026809Y0008876D01*
X0026577Y0010025D01*
X0025944Y0010964D01*
X0025006Y0011597D01*
X0023856Y0011829D01*
X0022707Y0011597D01*
X0021768Y0010964D01*
X0021136Y0010025D01*
X0058856Y0008876D02*
X0059088Y0010025D01*
X0059721Y0010964D01*
X0060660Y0011597D01*
X0061809Y0011829D01*
X0062958Y0011597D01*
X0063897Y0010964D01*
X0064530Y0010025D01*
X0064762Y0008876D01*
X0064530Y0007727D01*
X0063897Y0006788D01*
X0062958Y0006155D01*
X0061809Y0005923D01*
X0060660Y0006155D01*
X0059721Y0006788D01*
X0059088Y0007727D01*
X0058856Y0008876D01*
X0061809Y0220606D02*
X0060660Y0220838D01*
X0059721Y0221471D01*
X0059088Y0222409D01*
X0058856Y0223558D01*
X0059088Y0224708D01*
X0059721Y0225646D01*
X0060660Y0226279D01*
X0061809Y0226511D01*
X0062958Y0226279D01*
X0063897Y0225646D01*
X0064530Y0224708D01*
X0064762Y0223558D01*
X0064530Y0222409D01*
X0063897Y0221471D01*
X0062958Y0220838D01*
X0061809Y0220606D01*
X0026809Y0223558D02*
X0026577Y0224708D01*
X0025944Y0225646D01*
X0025006Y0226279D01*
X0023856Y0226511D01*
X0022707Y0226279D01*
X0021768Y0225646D01*
X0021136Y0224708D01*
X0020904Y0223558D01*
X0021136Y0222409D01*
X0021768Y0221471D01*
X0022707Y0220838D01*
X0023856Y0220606D01*
X0025006Y0220838D01*
X0025944Y0221471D01*
X0026577Y0222409D01*
X0026809Y0223558D01*
M02*
